printerdemo/build/outputs/logs/manifest-merger-debug-report.txt
-- Merging decision tree log ---
manifest
ADDED from src/main/AndroidManifest.xml:2:1-39:12
	package
		ADDED from src/main/AndroidManifest.xml:3:11-43
		INJECTED from src/main/AndroidManifest.xml
		INJECTED from src/main/AndroidManifest.xml
	android:versionName
		INJECTED from src/main/AndroidManifest.xml
		INJECTED from src/main/AndroidManifest.xml
	xmlns:android
		ADDED from src/main/AndroidManifest.xml:2:11-69
	android:versionCode
		INJECTED from src/main/AndroidManifest.xml
		INJECTED from src/main/AndroidManifest.xml
uses-permission#android.permission.ACCESS_COARSE_LOCATION
ADDED from src/main/AndroidManifest.xml:5:5-81
	android:name
		ADDED from src/main/AndroidManifest.xml:5:22-78
uses-permission#android.permission.BLUETOOTH
ADDED from src/main/AndroidManifest.xml:6:5-68
	android:name
		ADDED from src/main/AndroidManifest.xml:6:22-65
uses-permission#android.permission.BLUETOOTH_ADMIN
ADDED from src/main/AndroidManifest.xml:7:5-74
	android:name
		ADDED from src/main/AndroidManifest.xml:7:22-71
uses-permission#android.permission.INTERNET
ADDED from src/main/AndroidManifest.xml:8:5-67
	android:name
		ADDED from src/main/AndroidManifest.xml:8:22-64
application
ADDED from src/main/AndroidManifest.xml:10:5-37:19
MERGED from [com.android.support:design:23.2.1] AndroidManifest.xml:22:5-20
MERGED from [com.android.support:support-v4:23.2.1] AndroidManifest.xml:22:5-20
MERGED from [com.android.support:appcompat-v7:23.2.1] AndroidManifest.xml:25:5-20
MERGED from [com.android.support:animated-vector-drawable:23.2.1] AndroidManifest.xml:7:5-20
MERGED from [com.android.support:support-vector-drawable:23.2.1] AndroidManifest.xml:7:5-20
	android:label
		ADDED from src/main/AndroidManifest.xml:14:9-41
	android:exported
		ADDED from src/main/AndroidManifest.xml:12:9-33
	android:allowBackup
		ADDED from src/main/AndroidManifest.xml:11:9-36
	android:icon
		ADDED from src/main/AndroidManifest.xml:13:9-45
	android:theme
		ADDED from src/main/AndroidManifest.xml:15:9-40
activity#com.datecs.printerdemo.ConnectorActivity
ADDED from src/main/AndroidManifest.xml:16:9-32:20
	android:screenOrientation
		ADDED from src/main/AndroidManifest.xml:19:13-49
	android:launchMode
		ADDED from src/main/AndroidManifest.xml:18:13-44
	android:name
		ADDED from src/main/AndroidManifest.xml:17:13-46
intent-filter#android.intent.action.MAIN+android.intent.category.LAUNCHER
ADDED from src/main/AndroidManifest.xml:20:13-24:29
action#android.intent.action.MAIN
ADDED from src/main/AndroidManifest.xml:21:17-68
	android:name
		ADDED from src/main/AndroidManifest.xml:21:25-66
category#android.intent.category.LAUNCHER
ADDED from src/main/AndroidManifest.xml:23:17-76
	android:name
		ADDED from src/main/AndroidManifest.xml:23:27-74
intent-filter#android.hardware.usb.action.USB_DEVICE_ATTACHED
ADDED from src/main/AndroidManifest.xml:25:13-27:29
action#android.hardware.usb.action.USB_DEVICE_ATTACHED
ADDED from src/main/AndroidManifest.xml:26:17-89
	android:name
		ADDED from src/main/AndroidManifest.xml:26:25-87
meta-data#android.hardware.usb.action.USB_DEVICE_ATTACHED
ADDED from src/main/AndroidManifest.xml:29:13-31:60
	android:resource
		ADDED from src/main/AndroidManifest.xml:31:17-58
	android:name
		ADDED from src/main/AndroidManifest.xml:30:17-79
activity#com.datecs.printerdemo.PrinterActivity
ADDED from src/main/AndroidManifest.xml:33:9-36:20
	android:screenOrientation
		ADDED from src/main/AndroidManifest.xml:35:13-49
	android:name
		ADDED from src/main/AndroidManifest.xml:34:13-44
uses-sdk
INJECTED from src/main/AndroidManifest.xml reason: use-sdk injection requested
MERGED from [com.android.support:design:23.2.1] AndroidManifest.xml:20:5-43
MERGED from [com.android.support:support-v4:23.2.1] AndroidManifest.xml:20:5-43
MERGED from [com.android.support:appcompat-v7:23.2.1] AndroidManifest.xml:21:5-23:78
MERGED from [com.android.support:animated-vector-drawable:23.2.1] AndroidManifest.xml:5:5-44
MERGED from [com.android.support:support-vector-drawable:23.2.1] AndroidManifest.xml:5:5-43
MERGED from [com.android.support:recyclerview-v7:23.2.1] AndroidManifest.xml:20:5-43
	tools:overrideLibrary
		ADDED from [com.android.support:appcompat-v7:23.2.1] AndroidManifest.xml:23:9-75
	android:targetSdkVersion
		INJECTED from src/main/AndroidManifest.xml
		INJECTED from src/main/AndroidManifest.xml
	android:minSdkVersion
		INJECTED from src/main/AndroidManifest.xml
		INJECTED from src/main/AndroidManifest.xml